<?xml version="1.0" encoding="UTF-8"?>
<testsuite name="Practice Selenium level 1"
           tests="2"
           failures="0"
           errors="0"
           skipped="0"
           time="8.856">
    <properties></properties>



            <testcase
                name="TC015"
                time="4.417"
                classname="testcases.TestCases">
            </testcase>
            <testcase
                name="TC013"
                time="4.439"
                classname="testcases.TestCases">
            </testcase>
</testsuite>
